# JRE version: OpenJDK Runtime Environment Corretto-11.0.21.9.1 (11.0.21+9) (build 11.0.21+9-LTS)
# Java VM: OpenJDK 64-Bit Server VM Corretto-11.0.21.9.1 (11.0.21+9-LTS, mixed mode, tiered, compressed oops, g1 gc, bsd-amd64)
Heap:
 garbage-first heap   total 78848K, used 62734K [0x00000007c0000000, 0x0000000800000000)
  region size 1024K, 32 young (32768K), 1 survivors (1024K)
 Metaspace       used 48185K, capacity 49919K, committed 50204K, reserved 1093632K
  class space    used 5877K, capacity 6538K, committed 6604K, reserved 1048576K
GC Heap History (20 events):
Event: 82.986 GC heap before
{Heap before GC invocations=56 (full 0):
 garbage-first heap   total 78848K, used 67852K [0x00000007c0000000, 0x0000000800000000)
  region size 1024K, 36 young (36864K), 1 survivors (1024K)
 Metaspace       used 48129K, capacity 49853K, committed 50204K, reserved 1093632K
  class space    used 5877K, capacity 6538K, committed 6604K, reserved 1048576K
}
Event: 82.987 GC heap after
{Heap after GC invocations=57 (full 0):
 garbage-first heap   total 78848K, used 32014K [0x00000007c0000000, 0x0000000800000000)
  region size 1024K, 1 young (1024K), 1 survivors (1024K)
 Metaspace       used 48129K, capacity 49853K, committed 50204K, reserved 1093632K
  class space    used 5877K, capacity 6538K, committed 6604K, reserved 1048576K
}
Event: 84.537 GC heap before
{Heap before GC invocations=57 (full 0):
 garbage-first heap   total 78848K, used 67854K [0x00000007c0000000, 0x0000000800000000)
  region size 1024K, 36 young (36864K), 1 survivors (1024K)
 Metaspace       used 48129K, capacity 49853K, committed 50204K, reserved 1093632K
  class space    used 5877K, capacity 6538K, committed 6604K, reserved 1048576K
}
Event: 84.538 GC heap after
{Heap after GC invocations=58 (full 0):
 garbage-first heap   total 78848K, used 32010K [0x00000007c0000000, 0x0000000800000000)
  region size 1024K, 1 young (1024K), 1 survivors (1024K)
 Metaspace       used 48129K, capacity 49853K, committed 50204K, reserved 1093632K
  class space    used 5877K, capacity 6538K, committed 6604K, reserved 1048576K
}
Event: 85.969 GC heap before
{Heap before GC invocations=58 (full 0):
 garbage-first heap   total 78848K, used 67850K [0x00000007c0000000, 0x0000000800000000)
  region size 1024K, 36 young (36864K), 1 survivors (1024K)
 Metaspace       used 48129K, capacity 49853K, committed 50204K, reserved 1093632K
  class space    used 5877K, capacity 6538K, committed 6604K, reserved 1048576K
}
Event: 85.970 GC heap after
{Heap after GC invocations=59 (full 0):
 garbage-first heap   total 78848K, used 32014K [0x00000007c0000000, 0x0000000800000000)
  region size 1024K, 1 young (1024K), 1 survivors (1024K)
 Metaspace       used 48129K, capacity 49853K, committed 50204K, reserved 1093632K
  class space    used 5877K, capacity 6538K, committed 6604K, reserved 1048576K
}
Event: 87.647 GC heap before
{Heap before GC invocations=59 (full 0):
 garbage-first heap   total 78848K, used 67854K [0x00000007c0000000, 0x0000000800000000)
  region size 1024K, 36 young (36864K), 1 survivors (1024K)
 Metaspace       used 48129K, capacity 49853K, committed 50204K, reserved 1093632K
  class space    used 5877K, capacity 6538K, committed 6604K, reserved 1048576K
}
Event: 87.648 GC heap after
{Heap after GC invocations=60 (full 0):
 garbage-first heap   total 78848K, used 32010K [0x00000007c0000000, 0x0000000800000000)
  region size 1024K, 1 young (1024K), 1 survivors (1024K)
 Metaspace       used 48129K, capacity 49853K, committed 50204K, reserved 1093632K
  class space    used 5877K, capacity 6538K, committed 6604K, reserved 1048576K
}
Event: 89.077 GC heap before
{Heap before GC invocations=60 (full 0):
 garbage-first heap   total 78848K, used 67850K [0x00000007c0000000, 0x0000000800000000)
  region size 1024K, 36 young (36864K), 1 survivors (1024K)
 Metaspace       used 48129K, capacity 49853K, committed 50204K, reserved 1093632K
  class space    used 5877K, capacity 6538K, committed 6604K, reserved 1048576K
}
Event: 89.079 GC heap after
{Heap after GC invocations=61 (full 0):
 garbage-first heap   total 78848K, used 32010K [0x00000007c0000000, 0x0000000800000000)
  region size 1024K, 1 young (1024K), 1 survivors (1024K)
 Metaspace       used 48129K, capacity 49853K, committed 50204K, reserved 1093632K
  class space    used 5877K, capacity 6538K, committed 6604K, reserved 1048576K
}
Event: 90.354 GC heap before
{Heap before GC invocations=61 (full 0):
 garbage-first heap   total 78848K, used 67850K [0x00000007c0000000, 0x0000000800000000)
  region size 1024K, 36 young (36864K), 1 survivors (1024K)
 Metaspace       used 48129K, capacity 49853K, committed 50204K, reserved 1093632K
  class space    used 5877K, capacity 6538K, committed 6604K, reserved 1048576K
}
Event: 90.355 GC heap after
{Heap after GC invocations=62 (full 0):
 garbage-first heap   total 78848K, used 32010K [0x00000007c0000000, 0x0000000800000000)
  region size 1024K, 1 young (1024K), 1 survivors (1024K)
 Metaspace       used 48129K, capacity 49853K, committed 50204K, reserved 1093632K
  class space    used 5877K, capacity 6538K, committed 6604K, reserved 1048576K
}
Event: 91.735 GC heap before
{Heap before GC invocations=62 (full 0):
 garbage-first heap   total 78848K, used 67850K [0x00000007c0000000, 0x0000000800000000)
  region size 1024K, 36 young (36864K), 1 survivors (1024K)
 Metaspace       used 48129K, capacity 49853K, committed 50204K, reserved 1093632K
  class space    used 5877K, capacity 6538K, committed 6604K, reserved 1048576K
}
Event: 91.736 GC heap after
{Heap after GC invocations=63 (full 0):
 garbage-first heap   total 78848K, used 32010K [0x00000007c0000000, 0x0000000800000000)
  region size 1024K, 1 young (1024K), 1 survivors (1024K)
 Metaspace       used 48129K, capacity 49853K, committed 50204K, reserved 1093632K
  class space    used 5877K, capacity 6538K, committed 6604K, reserved 1048576K
}
Event: 93.155 GC heap before
{Heap before GC invocations=63 (full 0):
 garbage-first heap   total 78848K, used 67850K [0x00000007c0000000, 0x0000000800000000)
  region size 1024K, 36 young (36864K), 1 survivors (1024K)
 Metaspace       used 48129K, capacity 49853K, committed 50204K, reserved 1093632K
  class space    used 5877K, capacity 6538K, committed 6604K, reserved 1048576K
}
Event: 93.156 GC heap after
{Heap after GC invocations=64 (full 0):
 garbage-first heap   total 78848K, used 32014K [0x00000007c0000000, 0x0000000800000000)
  region size 1024K, 1 young (1024K), 1 survivors (1024K)
 Metaspace       used 48129K, capacity 49853K, committed 50204K, reserved 1093632K
  class space    used 5877K, capacity 6538K, committed 6604K, reserved 1048576K
}
Event: 94.739 GC heap before
{Heap before GC invocations=64 (full 0):
 garbage-first heap   total 78848K, used 67854K [0x00000007c0000000, 0x0000000800000000)
  region size 1024K, 36 young (36864K), 1 survivors (1024K)
 Metaspace       used 48129K, capacity 49853K, committed 50204K, reserved 1093632K
  class space    used 5877K, capacity 6538K, committed 6604K, reserved 1048576K
}
Event: 94.740 GC heap after
{Heap after GC invocations=65 (full 0):
 garbage-first heap   total 78848K, used 32012K [0x00000007c0000000, 0x0000000800000000)
  region size 1024K, 1 young (1024K), 1 survivors (1024K)
 Metaspace       used 48129K, capacity 49853K, committed 50204K, reserved 1093632K
  class space    used 5877K, capacity 6538K, committed 6604K, reserved 1048576K
}
Event: 97.047 GC heap before
{Heap before GC invocations=65 (full 0):
 garbage-first heap   total 78848K, used 67852K [0x00000007c0000000, 0x0000000800000000)
  region size 1024K, 36 young (36864K), 1 survivors (1024K)
 Metaspace       used 48129K, capacity 49853K, committed 50204K, reserved 1093632K
  class space    used 5877K, capacity 6538K, committed 6604K, reserved 1048576K
}
Event: 97.047 GC heap after
{Heap after GC invocations=66 (full 0):
 garbage-first heap   total 78848K, used 32014K [0x00000007c0000000, 0x0000000800000000)
  region size 1024K, 1 young (1024K), 1 survivors (1024K)
 Metaspace       used 48129K, capacity 49853K, committed 50204K, reserved 1093632K
  class space    used 5877K, capacity 6538K, committed 6604K, reserved 1048576K
}

